Determining if the pthread_create exist failed with the following output:
Change Dir: /home/miguel/listener/build/CMakeFiles/CMakeTmp

Run Build Command:"/usr/bin/make" "cmTC_e436e/fast"
/usr/bin/make -f CMakeFiles/cmTC_e436e.dir/build.make CMakeFiles/cmTC_e436e.dir/build
make[1]: se entra en el directorio '/home/miguel/listener/build/CMakeFiles/CMakeTmp'
Building C object CMakeFiles/cmTC_e436e.dir/CheckSymbolExists.c.o
/usr/bin/cc    -o CMakeFiles/cmTC_e436e.dir/CheckSymbolExists.c.o   -c /home/miguel/listener/build/CMakeFiles/CMakeTmp/CheckSymbolExists.c
Linking C executable cmTC_e436e
/usr/bin/cmake -E cmake_link_script CMakeFiles/cmTC_e436e.dir/link.txt --verbose=1
/usr/bin/cc      -rdynamic CMakeFiles/cmTC_e436e.dir/CheckSymbolExists.c.o  -o cmTC_e436e 
CMakeFiles/cmTC_e436e.dir/CheckSymbolExists.c.o: En la función `main':
CheckSymbolExists.c:(.text+0x1b): referencia a `pthread_create' sin definir
collect2: error: ld returned 1 exit status
CMakeFiles/cmTC_e436e.dir/build.make:97: recipe for target 'cmTC_e436e' failed
make[1]: *** [cmTC_e436e] Error 1
make[1]: se sale del directorio '/home/miguel/listener/build/CMakeFiles/CMakeTmp'
Makefile:126: recipe for target 'cmTC_e436e/fast' failed
make: *** [cmTC_e436e/fast] Error 2

File /home/miguel/listener/build/CMakeFiles/CMakeTmp/CheckSymbolExists.c:
/* */
#include <pthread.h>

int main(int argc, char** argv)
{
  (void)argv;
#ifndef pthread_create
  return ((int*)(&pthread_create))[argc];
#else
  (void)argc;
  return 0;
#endif
}

Determining if the function pthread_create exists in the pthreads failed with the following output:
Change Dir: /home/miguel/listener/build/CMakeFiles/CMakeTmp

Run Build Command:"/usr/bin/make" "cmTC_e114e/fast"
/usr/bin/make -f CMakeFiles/cmTC_e114e.dir/build.make CMakeFiles/cmTC_e114e.dir/build
make[1]: se entra en el directorio '/home/miguel/listener/build/CMakeFiles/CMakeTmp'
Building C object CMakeFiles/cmTC_e114e.dir/CheckFunctionExists.c.o
/usr/bin/cc   -DCHECK_FUNCTION_EXISTS=pthread_create   -o CMakeFiles/cmTC_e114e.dir/CheckFunctionExists.c.o   -c /usr/share/cmake-3.10/Modules/CheckFunctionExists.c
Linking C executable cmTC_e114e
/usr/bin/cmake -E cmake_link_script CMakeFiles/cmTC_e114e.dir/link.txt --verbose=1
/usr/bin/cc  -DCHECK_FUNCTION_EXISTS=pthread_create    -rdynamic CMakeFiles/cmTC_e114e.dir/CheckFunctionExists.c.o  -o cmTC_e114e -lpthreads 
/usr/bin/ld: no se puede encontrar -lpthreads
collect2: error: ld returned 1 exit status
CMakeFiles/cmTC_e114e.dir/build.make:97: recipe for target 'cmTC_e114e' failed
make[1]: *** [cmTC_e114e] Error 1
make[1]: se sale del directorio '/home/miguel/listener/build/CMakeFiles/CMakeTmp'
Makefile:126: recipe for target 'cmTC_e114e/fast' failed
make: *** [cmTC_e114e/fast] Error 2


